ERROR - 2023-07-17 23:23:35 --> Error connecting to the database: Unknown database 'databasecafeteria'
CRITICAL - 2023-07-17 23:23:35 --> Unable to connect to the database.
Main connection [MySQLi]: Unknown database 'databasecafeteria'
in SYSTEMPATH\Database\BaseConnection.php on line 416.
 1 SYSTEMPATH\Database\BaseConnection.php(586): CodeIgniter\Database\BaseConnection->initialize()
 2 APPPATH\Models\categoriasModel.php(22): CodeIgniter\Database\BaseConnection->query('SELECT * FROM user where correo=\'prueba@gmail.com\' and clave=\'123\'')
 3 APPPATH\Controllers\Home.php(127): App\Models\categoriasModel->validarUser('prueba@gmail.com', '123')
 4 SYSTEMPATH\CodeIgniter.php(896): App\Controllers\Home->enviarPost()
 5 SYSTEMPATH\CodeIgniter.php(466): CodeIgniter\CodeIgniter->runController(Object(App\Controllers\Home))
 6 SYSTEMPATH\CodeIgniter.php(349): CodeIgniter\CodeIgniter->handleRequest(null, Object(Config\Cache), false)
 7 FCPATH\index.php(55): CodeIgniter\CodeIgniter->run()
ERROR - 2023-07-17 23:24:13 --> Table 'inventariocafeteria.empleados' doesn't exist
CRITICAL - 2023-07-17 23:24:13 --> Table 'inventariocafeteria.empleados' doesn't exist
in SYSTEMPATH\Database\MySQLi\Connection.php on line 292.
 1 SYSTEMPATH\Database\MySQLi\Connection.php(292): mysqli->query('select * from empleados', 0)
 2 SYSTEMPATH\Database\BaseConnection.php(695): CodeIgniter\Database\MySQLi\Connection->execute('select * from empleados')
 3 SYSTEMPATH\Database\BaseConnection.php(609): CodeIgniter\Database\BaseConnection->simpleQuery('select * from empleados')
 4 APPPATH\Models\categoriasModel.php(17): CodeIgniter\Database\BaseConnection->query('select * from empleados')
 5 APPPATH\Controllers\Home.php(48): App\Models\categoriasModel->mostrarEmpleado()
 6 SYSTEMPATH\CodeIgniter.php(896): App\Controllers\Home->listaempleados()
 7 SYSTEMPATH\CodeIgniter.php(466): CodeIgniter\CodeIgniter->runController(Object(App\Controllers\Home))
 8 SYSTEMPATH\CodeIgniter.php(349): CodeIgniter\CodeIgniter->handleRequest(null, Object(Config\Cache), false)
 9 FCPATH\index.php(55): CodeIgniter\CodeIgniter->run()
ERROR - 2023-07-17 23:32:41 --> Table 'inventariocafeteria.empleados' doesn't exist
CRITICAL - 2023-07-17 23:32:41 --> Table 'inventariocafeteria.empleados' doesn't exist
in SYSTEMPATH\Database\MySQLi\Connection.php on line 292.
 1 SYSTEMPATH\Database\MySQLi\Connection.php(292): mysqli->query('select * from empleados', 0)
 2 SYSTEMPATH\Database\BaseConnection.php(695): CodeIgniter\Database\MySQLi\Connection->execute('select * from empleados')
 3 SYSTEMPATH\Database\BaseConnection.php(609): CodeIgniter\Database\BaseConnection->simpleQuery('select * from empleados')
 4 APPPATH\Models\categoriasModel.php(22): CodeIgniter\Database\BaseConnection->query('select * from empleados')
 5 APPPATH\Controllers\Home.php(55): App\Models\categoriasModel->mostrarEmpleado()
 6 SYSTEMPATH\CodeIgniter.php(896): App\Controllers\Home->listaempleados()
 7 SYSTEMPATH\CodeIgniter.php(466): CodeIgniter\CodeIgniter->runController(Object(App\Controllers\Home))
 8 SYSTEMPATH\CodeIgniter.php(349): CodeIgniter\CodeIgniter->handleRequest(null, Object(Config\Cache), false)
 9 FCPATH\index.php(55): CodeIgniter\CodeIgniter->run()
