CRITICAL - 2023-07-18 08:38:34 --> Undefined property: stdClass::$nombres
in APPPATH\Views\panel\vieweproductos.php on line 37.
 1 APPPATH\Views\panel\vieweproductos.php(37): CodeIgniter\Debug\Exceptions->errorHandler(2, 'Undefined property: stdClass::$nombres', 'APPPATH\\Views\\panel\\vieweproductos.php', 37)
 2 SYSTEMPATH\View\View.php(213): include('APPPATH\\Views\\panel\\vieweproductos.php')
 3 SYSTEMPATH\View\View.php(216): CodeIgniter\View\View->CodeIgniter\View\{closure}()
 4 SYSTEMPATH\Common.php(1135): CodeIgniter\View\View->render('panel/vieweproductos', [], true)
 5 APPPATH\Controllers\Home.php(62): view('panel/vieweproductos', [...])
 6 SYSTEMPATH\CodeIgniter.php(896): App\Controllers\Home->listaproductos()
 7 SYSTEMPATH\CodeIgniter.php(466): CodeIgniter\CodeIgniter->runController(Object(App\Controllers\Home))
 8 SYSTEMPATH\CodeIgniter.php(349): CodeIgniter\CodeIgniter->handleRequest(null, Object(Config\Cache), false)
 9 FCPATH\index.php(55): CodeIgniter\CodeIgniter->run()
CRITICAL - 2023-07-18 08:57:06 --> Invalid file: panel/empleados.php
in SYSTEMPATH\Exceptions\FrameworkException.php on line 33.
 1 SYSTEMPATH\View\View.php(201): CodeIgniter\Exceptions\FrameworkException::forInvalidFile('panel/empleados.php')
 2 SYSTEMPATH\Common.php(1135): CodeIgniter\View\View->render('panel/empleados', [], true)
 3 APPPATH\Controllers\Home.php(25): view('panel/empleados')
 4 SYSTEMPATH\CodeIgniter.php(896): App\Controllers\Home->empleados()
 5 SYSTEMPATH\CodeIgniter.php(466): CodeIgniter\CodeIgniter->runController(Object(App\Controllers\Home))
 6 SYSTEMPATH\CodeIgniter.php(349): CodeIgniter\CodeIgniter->handleRequest(null, Object(Config\Cache), false)
 7 FCPATH\index.php(55): CodeIgniter\CodeIgniter->run()
CRITICAL - 2023-07-18 11:34:22 --> Undefined constant "App\Controllers\this"
in APPPATH\Controllers\Home.php on line 74.
 1 SYSTEMPATH\CodeIgniter.php(896): App\Controllers\Home->eliminarproducto()
 2 SYSTEMPATH\CodeIgniter.php(466): CodeIgniter\CodeIgniter->runController(Object(App\Controllers\Home))
 3 SYSTEMPATH\CodeIgniter.php(349): CodeIgniter\CodeIgniter->handleRequest(null, Object(Config\Cache), false)
 4 FCPATH\index.php(55): CodeIgniter\CodeIgniter->run()
CRITICAL - 2023-07-18 12:19:26 --> Invalid file: panel/uproductos.php
in SYSTEMPATH\Exceptions\FrameworkException.php on line 33.
 1 SYSTEMPATH\View\View.php(201): CodeIgniter\Exceptions\FrameworkException::forInvalidFile('panel/uproductos.php')
 2 SYSTEMPATH\Common.php(1135): CodeIgniter\View\View->render('panel/uproductos', [], true)
 3 APPPATH\Controllers\Home.php(93): view('panel/uproductos', [...])
 4 SYSTEMPATH\CodeIgniter.php(896): App\Controllers\Home->actualizarproducto()
 5 SYSTEMPATH\CodeIgniter.php(466): CodeIgniter\CodeIgniter->runController(Object(App\Controllers\Home))
 6 SYSTEMPATH\CodeIgniter.php(349): CodeIgniter\CodeIgniter->handleRequest(null, Object(Config\Cache), false)
 7 FCPATH\index.php(55): CodeIgniter\CodeIgniter->run()
CRITICAL - 2023-07-18 12:23:11 --> Undefined array key "id"
in APPPATH\Controllers\Home.php on line 110.
 1 APPPATH\Controllers\Home.php(110): CodeIgniter\Debug\Exceptions->errorHandler(2, 'Undefined array key "id"', 'APPPATH\\Controllers\\Home.php', 110)
 2 SYSTEMPATH\CodeIgniter.php(896): App\Controllers\Home->updateProducto()
 3 SYSTEMPATH\CodeIgniter.php(466): CodeIgniter\CodeIgniter->runController(Object(App\Controllers\Home))
 4 SYSTEMPATH\CodeIgniter.php(349): CodeIgniter\CodeIgniter->handleRequest(null, Object(Config\Cache), false)
 5 FCPATH\index.php(55): CodeIgniter\CodeIgniter->run()
CRITICAL - 2023-07-18 15:09:52 --> Undefined variable $v
in APPPATH\Views\panel\ventas.php on line 14.
 1 APPPATH\Views\panel\ventas.php(14): CodeIgniter\Debug\Exceptions->errorHandler(2, 'Undefined variable $v', 'APPPATH\\Views\\panel\\ventas.php', 14)
 2 SYSTEMPATH\View\View.php(213): include('APPPATH\\Views\\panel\\ventas.php')
 3 SYSTEMPATH\View\View.php(216): CodeIgniter\View\View->CodeIgniter\View\{closure}()
 4 SYSTEMPATH\Common.php(1135): CodeIgniter\View\View->render('panel/ventas', [], true)
 5 APPPATH\Controllers\Home.php(25): view('panel/ventas')
 6 SYSTEMPATH\CodeIgniter.php(896): App\Controllers\Home->venta()
 7 SYSTEMPATH\CodeIgniter.php(466): CodeIgniter\CodeIgniter->runController(Object(App\Controllers\Home))
 8 SYSTEMPATH\CodeIgniter.php(349): CodeIgniter\CodeIgniter->handleRequest(null, Object(Config\Cache), false)
 9 FCPATH\index.php(55): CodeIgniter\CodeIgniter->run()
CRITICAL - 2023-07-18 15:10:54 --> Undefined variable $v
in APPPATH\Views\panel\ventas.php on line 14.
 1 APPPATH\Views\panel\ventas.php(14): CodeIgniter\Debug\Exceptions->errorHandler(2, 'Undefined variable $v', 'APPPATH\\Views\\panel\\ventas.php', 14)
 2 SYSTEMPATH\View\View.php(213): include('APPPATH\\Views\\panel\\ventas.php')
 3 SYSTEMPATH\View\View.php(216): CodeIgniter\View\View->CodeIgniter\View\{closure}()
 4 SYSTEMPATH\Common.php(1135): CodeIgniter\View\View->render('panel/ventas', [], true)
 5 APPPATH\Controllers\Home.php(25): view('panel/ventas')
 6 SYSTEMPATH\CodeIgniter.php(896): App\Controllers\Home->venta()
 7 SYSTEMPATH\CodeIgniter.php(466): CodeIgniter\CodeIgniter->runController(Object(App\Controllers\Home))
 8 SYSTEMPATH\CodeIgniter.php(349): CodeIgniter\CodeIgniter->handleRequest(null, Object(Config\Cache), false)
 9 FCPATH\index.php(55): CodeIgniter\CodeIgniter->run()
CRITICAL - 2023-07-18 15:50:37 --> Call to a member function getResult() on bool
in APPPATH\Models\categoriasModel.php on line 53.
 1 APPPATH\Controllers\Home.php(39): App\Models\categoriasModel->restarStock('7', '2')
 2 SYSTEMPATH\CodeIgniter.php(896): App\Controllers\Home->guardaVenta()
 3 SYSTEMPATH\CodeIgniter.php(466): CodeIgniter\CodeIgniter->runController(Object(App\Controllers\Home))
 4 SYSTEMPATH\CodeIgniter.php(349): CodeIgniter\CodeIgniter->handleRequest(null, Object(Config\Cache), false)
 5 FCPATH\index.php(55): CodeIgniter\CodeIgniter->run()
CRITICAL - 2023-07-18 15:51:13 --> Call to a member function getResult() on bool
in APPPATH\Models\categoriasModel.php on line 53.
 1 APPPATH\Controllers\Home.php(39): App\Models\categoriasModel->restarStock('1', '2')
 2 SYSTEMPATH\CodeIgniter.php(896): App\Controllers\Home->guardaVenta()
 3 SYSTEMPATH\CodeIgniter.php(466): CodeIgniter\CodeIgniter->runController(Object(App\Controllers\Home))
 4 SYSTEMPATH\CodeIgniter.php(349): CodeIgniter\CodeIgniter->handleRequest(null, Object(Config\Cache), false)
 5 FCPATH\index.php(55): CodeIgniter\CodeIgniter->run()
CRITICAL - 2023-07-18 15:54:53 --> Call to a member function getResult() on bool
in APPPATH\Models\categoriasModel.php on line 53.
 1 APPPATH\Controllers\Home.php(40): App\Models\categoriasModel->restarStock('1', '2')
 2 SYSTEMPATH\CodeIgniter.php(896): App\Controllers\Home->guardaVenta()
 3 SYSTEMPATH\CodeIgniter.php(466): CodeIgniter\CodeIgniter->runController(Object(App\Controllers\Home))
 4 SYSTEMPATH\CodeIgniter.php(349): CodeIgniter\CodeIgniter->handleRequest(null, Object(Config\Cache), false)
 5 FCPATH\index.php(55): CodeIgniter\CodeIgniter->run()
CRITICAL - 2023-07-18 16:23:09 --> Unsupported operand types: array - string
in APPPATH\Models\categoriasModel.php on line 52.
 1 APPPATH\Controllers\Home.php(40): App\Models\categoriasModel->restarStock('1', '12', [...])
 2 SYSTEMPATH\CodeIgniter.php(896): App\Controllers\Home->guardaVenta()
 3 SYSTEMPATH\CodeIgniter.php(466): CodeIgniter\CodeIgniter->runController(Object(App\Controllers\Home))
 4 SYSTEMPATH\CodeIgniter.php(349): CodeIgniter\CodeIgniter->handleRequest(null, Object(Config\Cache), false)
 5 FCPATH\index.php(55): CodeIgniter\CodeIgniter->run()
CRITICAL - 2023-07-18 16:25:30 --> Unsupported operand types: array - string
in APPPATH\Models\categoriasModel.php on line 52.
 1 APPPATH\Controllers\Home.php(40): App\Models\categoriasModel->restarStock('1', '1', [...])
 2 SYSTEMPATH\CodeIgniter.php(896): App\Controllers\Home->guardaVenta()
 3 SYSTEMPATH\CodeIgniter.php(466): CodeIgniter\CodeIgniter->runController(Object(App\Controllers\Home))
 4 SYSTEMPATH\CodeIgniter.php(349): CodeIgniter\CodeIgniter->handleRequest(null, Object(Config\Cache), false)
 5 FCPATH\index.php(55): CodeIgniter\CodeIgniter->run()
CRITICAL - 2023-07-18 16:34:31 --> Unsupported operand types: array - string
in APPPATH\Models\categoriasModel.php on line 52.
 1 APPPATH\Controllers\Home.php(40): App\Models\categoriasModel->restarStock('1', '3', [...])
 2 SYSTEMPATH\CodeIgniter.php(896): App\Controllers\Home->guardaVenta()
 3 SYSTEMPATH\CodeIgniter.php(466): CodeIgniter\CodeIgniter->runController(Object(App\Controllers\Home))
 4 SYSTEMPATH\CodeIgniter.php(349): CodeIgniter\CodeIgniter->handleRequest(null, Object(Config\Cache), false)
 5 FCPATH\index.php(55): CodeIgniter\CodeIgniter->run()
CRITICAL - 2023-07-18 16:42:44 --> Unsupported operand types: array - string
in APPPATH\Models\categoriasModel.php on line 52.
 1 APPPATH\Controllers\Home.php(40): App\Models\categoriasModel->restarStock('1', '3', [...])
 2 SYSTEMPATH\CodeIgniter.php(896): App\Controllers\Home->guardaVenta()
 3 SYSTEMPATH\CodeIgniter.php(466): CodeIgniter\CodeIgniter->runController(Object(App\Controllers\Home))
 4 SYSTEMPATH\CodeIgniter.php(349): CodeIgniter\CodeIgniter->handleRequest(null, Object(Config\Cache), false)
 5 FCPATH\index.php(55): CodeIgniter\CodeIgniter->run()
CRITICAL - 2023-07-18 16:44:30 --> Unsupported operand types: array - string
in APPPATH\Models\categoriasModel.php on line 52.
 1 APPPATH\Controllers\Home.php(40): App\Models\categoriasModel->restarStock('1', '3', [...])
 2 SYSTEMPATH\CodeIgniter.php(896): App\Controllers\Home->guardaVenta()
 3 SYSTEMPATH\CodeIgniter.php(466): CodeIgniter\CodeIgniter->runController(Object(App\Controllers\Home))
 4 SYSTEMPATH\CodeIgniter.php(349): CodeIgniter\CodeIgniter->handleRequest(null, Object(Config\Cache), false)
 5 FCPATH\index.php(55): CodeIgniter\CodeIgniter->run()
ERROR - 2023-07-18 16:45:16 --> Unknown column '$cant' in 'field list'
CRITICAL - 2023-07-18 16:45:16 --> Unknown column '$cant' in 'field list'
in SYSTEMPATH\Database\MySQLi\Connection.php on line 292.
 1 SYSTEMPATH\Database\MySQLi\Connection.php(292): mysqli->query('UPDATE `productos` SET `Stock` = Stock - $cant 
WHERE `ID` = \'1\'', 0)
 2 SYSTEMPATH\Database\BaseConnection.php(695): CodeIgniter\Database\MySQLi\Connection->execute('UPDATE `productos` SET `Stock` = Stock - $cant 
WHERE `ID` = \'1\'')
 3 SYSTEMPATH\Database\BaseConnection.php(609): CodeIgniter\Database\BaseConnection->simpleQuery('UPDATE `productos` SET `Stock` = Stock - $cant 
WHERE `ID` = \'1\'')
 4 SYSTEMPATH\Database\BaseBuilder.php(2046): CodeIgniter\Database\BaseConnection->query('UPDATE `productos` SET `Stock` = Stock - $cant 
WHERE `ID` = :ID:', [...], false)
 5 APPPATH\Models\categoriasModel.php(57): CodeIgniter\Database\BaseBuilder->update()
 6 APPPATH\Controllers\Home.php(40): App\Models\categoriasModel->restarStock('1', '3', [...])
 7 SYSTEMPATH\CodeIgniter.php(896): App\Controllers\Home->guardaVenta()
 8 SYSTEMPATH\CodeIgniter.php(466): CodeIgniter\CodeIgniter->runController(Object(App\Controllers\Home))
 9 SYSTEMPATH\CodeIgniter.php(349): CodeIgniter\CodeIgniter->handleRequest(null, Object(Config\Cache), false)
10 FCPATH\index.php(55): CodeIgniter\CodeIgniter->run()
CRITICAL - 2023-07-18 17:08:39 --> Unsupported operand types: array - string
in APPPATH\Models\categoriasModel.php on line 55.
 1 APPPATH\Controllers\Home.php(40): App\Models\categoriasModel->restarStock('1', '1', [...])
 2 SYSTEMPATH\CodeIgniter.php(896): App\Controllers\Home->guardaVenta()
 3 SYSTEMPATH\CodeIgniter.php(466): CodeIgniter\CodeIgniter->runController(Object(App\Controllers\Home))
 4 SYSTEMPATH\CodeIgniter.php(349): CodeIgniter\CodeIgniter->handleRequest(null, Object(Config\Cache), false)
 5 FCPATH\index.php(55): CodeIgniter\CodeIgniter->run()
CRITICAL - 2023-07-18 17:11:22 --> Array to string conversion
in APPPATH\Controllers\Home.php on line 38.
 1 APPPATH\Controllers\Home.php(38): CodeIgniter\Debug\Exceptions->errorHandler(2, 'Array to string conversion', 'APPPATH\\Controllers\\Home.php', 38)
 2 SYSTEMPATH\CodeIgniter.php(896): App\Controllers\Home->guardaVenta()
 3 SYSTEMPATH\CodeIgniter.php(466): CodeIgniter\CodeIgniter->runController(Object(App\Controllers\Home))
 4 SYSTEMPATH\CodeIgniter.php(349): CodeIgniter\CodeIgniter->handleRequest(null, Object(Config\Cache), false)
 5 FCPATH\index.php(55): CodeIgniter\CodeIgniter->run()
CRITICAL - 2023-07-18 17:18:18 --> Undefined variable $datos
in APPPATH\Controllers\Home.php on line 43.
 1 APPPATH\Controllers\Home.php(43): CodeIgniter\Debug\Exceptions->errorHandler(2, 'Undefined variable $datos', 'APPPATH\\Controllers\\Home.php', 43)
 2 SYSTEMPATH\CodeIgniter.php(896): App\Controllers\Home->guardaVenta()
 3 SYSTEMPATH\CodeIgniter.php(466): CodeIgniter\CodeIgniter->runController(Object(App\Controllers\Home))
 4 SYSTEMPATH\CodeIgniter.php(349): CodeIgniter\CodeIgniter->handleRequest(null, Object(Config\Cache), false)
 5 FCPATH\index.php(55): CodeIgniter\CodeIgniter->run()
CRITICAL - 2023-07-18 17:44:41 --> Object of class stdClass could not be converted to string
in APPPATH\Controllers\Home.php on line 43.
 1 SYSTEMPATH\CodeIgniter.php(896): App\Controllers\Home->guardaVenta()
 2 SYSTEMPATH\CodeIgniter.php(466): CodeIgniter\CodeIgniter->runController(Object(App\Controllers\Home))
 3 SYSTEMPATH\CodeIgniter.php(349): CodeIgniter\CodeIgniter->handleRequest(null, Object(Config\Cache), false)
 4 FCPATH\index.php(55): CodeIgniter\CodeIgniter->run()
