ERROR - 2022-09-27 09:25:55 --> Unknown column '$c' in 'where clause'
CRITICAL - 2022-09-27 09:25:55 --> Unknown column '$c' in 'where clause'
in SYSTEMPATH\Database\MySQLi\Connection.php on line 292.
 1 SYSTEMPATH\Database\MySQLi\Connection.php(292): mysqli->query('SELECT COUNT(*) FROM user where correo=$c and clave=$p', 0)
 2 SYSTEMPATH\Database\BaseConnection.php(695): CodeIgniter\Database\MySQLi\Connection->execute('SELECT COUNT(*) FROM user where correo=$c and clave=$p')
 3 SYSTEMPATH\Database\BaseConnection.php(609): CodeIgniter\Database\BaseConnection->simpleQuery('SELECT COUNT(*) FROM user where correo=$c and clave=$p')
 4 APPPATH\Models\categoriasModel.php(15): CodeIgniter\Database\BaseConnection->query('SELECT COUNT(*) FROM user where correo=$c and clave=$p')
 5 APPPATH\Controllers\Home.php(35): App\Models\categoriasModel->validarUser('cesm1a@gmail.com', '2')
 6 SYSTEMPATH\CodeIgniter.php(896): App\Controllers\Home->enviarPost()
 7 SYSTEMPATH\CodeIgniter.php(466): CodeIgniter\CodeIgniter->runController(Object(App\Controllers\Home))
 8 SYSTEMPATH\CodeIgniter.php(349): CodeIgniter\CodeIgniter->handleRequest(null, Object(Config\Cache), false)
 9 FCPATH\index.php(55): CodeIgniter\CodeIgniter->run()
CRITICAL - 2022-09-27 11:45:30 --> Object of class stdClass could not be converted to string
in APPPATH\Controllers\Home.php on line 37.
 1 SYSTEMPATH\CodeIgniter.php(896): App\Controllers\Home->enviarPost()
 2 SYSTEMPATH\CodeIgniter.php(466): CodeIgniter\CodeIgniter->runController(Object(App\Controllers\Home))
 3 SYSTEMPATH\CodeIgniter.php(349): CodeIgniter\CodeIgniter->handleRequest(null, Object(Config\Cache), false)
 4 FCPATH\index.php(55): CodeIgniter\CodeIgniter->run()
CRITICAL - 2022-09-27 12:16:10 --> Object of class stdClass could not be converted to string
in APPPATH\Controllers\Home.php on line 37.
 1 SYSTEMPATH\CodeIgniter.php(896): App\Controllers\Home->enviarPost()
 2 SYSTEMPATH\CodeIgniter.php(466): CodeIgniter\CodeIgniter->runController(Object(App\Controllers\Home))
 3 SYSTEMPATH\CodeIgniter.php(349): CodeIgniter\CodeIgniter->handleRequest(null, Object(Config\Cache), false)
 4 FCPATH\index.php(55): CodeIgniter\CodeIgniter->run()
CRITICAL - 2022-09-27 12:31:43 --> Undefined array key "cont"
in APPPATH\Controllers\Home.php on line 37.
 1 APPPATH\Controllers\Home.php(37): CodeIgniter\Debug\Exceptions->errorHandler(2, 'Undefined array key "cont"', 'APPPATH\\Controllers\\Home.php', 37)
 2 SYSTEMPATH\CodeIgniter.php(896): App\Controllers\Home->enviarPost()
 3 SYSTEMPATH\CodeIgniter.php(466): CodeIgniter\CodeIgniter->runController(Object(App\Controllers\Home))
 4 SYSTEMPATH\CodeIgniter.php(349): CodeIgniter\CodeIgniter->handleRequest(null, Object(Config\Cache), false)
 5 FCPATH\index.php(55): CodeIgniter\CodeIgniter->run()
CRITICAL - 2022-09-27 12:32:26 --> Attempt to read property "cont" on array
in APPPATH\Controllers\Home.php on line 37.
 1 APPPATH\Controllers\Home.php(37): CodeIgniter\Debug\Exceptions->errorHandler(2, 'Attempt to read property "cont" on array', 'APPPATH\\Controllers\\Home.php', 37)
 2 SYSTEMPATH\CodeIgniter.php(896): App\Controllers\Home->enviarPost()
 3 SYSTEMPATH\CodeIgniter.php(466): CodeIgniter\CodeIgniter->runController(Object(App\Controllers\Home))
 4 SYSTEMPATH\CodeIgniter.php(349): CodeIgniter\CodeIgniter->handleRequest(null, Object(Config\Cache), false)
 5 FCPATH\index.php(55): CodeIgniter\CodeIgniter->run()
CRITICAL - 2022-09-27 13:18:43 --> Call to undefined function App\Controllers\index()
in APPPATH\Controllers\Home.php on line 45.
 1 SYSTEMPATH\CodeIgniter.php(896): App\Controllers\Home->enviarPost()
 2 SYSTEMPATH\CodeIgniter.php(466): CodeIgniter\CodeIgniter->runController(Object(App\Controllers\Home))
 3 SYSTEMPATH\CodeIgniter.php(349): CodeIgniter\CodeIgniter->handleRequest(null, Object(Config\Cache), false)
 4 FCPATH\index.php(55): CodeIgniter\CodeIgniter->run()
