CRITICAL - 2022-07-09 10:17:57 --> Call to undefined function App\Controllers\vew()
in APPPATH\Controllers\ContactoController.php on line 13.
 1 SYSTEMPATH\CodeIgniter.php(896): App\Controllers\ContactoController->principal()
 2 SYSTEMPATH\CodeIgniter.php(466): CodeIgniter\CodeIgniter->runController(Object(App\Controllers\ContactoController))
 3 SYSTEMPATH\CodeIgniter.php(349): CodeIgniter\CodeIgniter->handleRequest(null, Object(Config\Cache), false)
 4 FCPATH\index.php(55): CodeIgniter\CodeIgniter->run()
CRITICAL - 2022-07-09 10:19:03 --> Call to undefined function App\Controllers\vew()
in APPPATH\Controllers\ContactoController.php on line 13.
 1 SYSTEMPATH\CodeIgniter.php(896): App\Controllers\ContactoController->principal()
 2 SYSTEMPATH\CodeIgniter.php(466): CodeIgniter\CodeIgniter->runController(Object(App\Controllers\ContactoController))
 3 SYSTEMPATH\CodeIgniter.php(349): CodeIgniter\CodeIgniter->handleRequest(null, Object(Config\Cache), false)
 4 FCPATH\index.php(55): CodeIgniter\CodeIgniter->run()
CRITICAL - 2022-07-09 10:19:14 --> Call to undefined function App\Controllers\vew()
in APPPATH\Controllers\ContactoController.php on line 13.
 1 SYSTEMPATH\CodeIgniter.php(896): App\Controllers\ContactoController->principal()
 2 SYSTEMPATH\CodeIgniter.php(466): CodeIgniter\CodeIgniter->runController(Object(App\Controllers\ContactoController))
 3 SYSTEMPATH\CodeIgniter.php(349): CodeIgniter\CodeIgniter->handleRequest(null, Object(Config\Cache), false)
 4 FCPATH\index.php(55): CodeIgniter\CodeIgniter->run()
CRITICAL - 2022-07-09 10:21:50 --> Call to undefined function App\Controllers\vew()
in APPPATH\Controllers\ContactoController.php on line 9.
 1 SYSTEMPATH\CodeIgniter.php(896): App\Controllers\ContactoController->index()
 2 SYSTEMPATH\CodeIgniter.php(466): CodeIgniter\CodeIgniter->runController(Object(App\Controllers\ContactoController))
 3 SYSTEMPATH\CodeIgniter.php(349): CodeIgniter\CodeIgniter->handleRequest(null, Object(Config\Cache), false)
 4 FCPATH\index.php(55): CodeIgniter\CodeIgniter->run()
CRITICAL - 2022-07-09 10:26:42 --> Call to undefined function App\Controllers\vew()
in APPPATH\Controllers\ContactoController.php on line 9.
 1 SYSTEMPATH\CodeIgniter.php(896): App\Controllers\ContactoController->index()
 2 SYSTEMPATH\CodeIgniter.php(466): CodeIgniter\CodeIgniter->runController(Object(App\Controllers\ContactoController))
 3 SYSTEMPATH\CodeIgniter.php(349): CodeIgniter\CodeIgniter->handleRequest(null, Object(Config\Cache), false)
 4 FCPATH\index.php(55): CodeIgniter\CodeIgniter->run()
CRITICAL - 2022-07-09 10:27:38 --> Call to undefined function App\Controllers\vew()
in APPPATH\Controllers\ContactoController.php on line 9.
 1 SYSTEMPATH\CodeIgniter.php(896): App\Controllers\ContactoController->index()
 2 SYSTEMPATH\CodeIgniter.php(466): CodeIgniter\CodeIgniter->runController(Object(App\Controllers\ContactoController))
 3 SYSTEMPATH\CodeIgniter.php(349): CodeIgniter\CodeIgniter->handleRequest(null, Object(Config\Cache), false)
 4 FCPATH\index.php(55): CodeIgniter\CodeIgniter->run()
CRITICAL - 2022-07-09 10:28:14 --> Call to undefined function App\Controllers\vew()
in APPPATH\Controllers\ContactoController.php on line 15.
 1 SYSTEMPATH\CodeIgniter.php(896): App\Controllers\ContactoController->personas()
 2 SYSTEMPATH\CodeIgniter.php(466): CodeIgniter\CodeIgniter->runController(Object(App\Controllers\ContactoController))
 3 SYSTEMPATH\CodeIgniter.php(349): CodeIgniter\CodeIgniter->handleRequest(null, Object(Config\Cache), false)
 4 FCPATH\index.php(55): CodeIgniter\CodeIgniter->run()
CRITICAL - 2022-07-09 10:31:25 --> Invalid file: inicio.php
in SYSTEMPATH\Exceptions\FrameworkException.php on line 33.
 1 SYSTEMPATH\View\View.php(201): CodeIgniter\Exceptions\FrameworkException::forInvalidFile('inicio.php')
 2 SYSTEMPATH\Common.php(1135): CodeIgniter\View\View->render('inicio', [], true)
 3 APPPATH\Controllers\ContactoController.php(9): view('inicio')
 4 SYSTEMPATH\CodeIgniter.php(896): App\Controllers\ContactoController->index()
 5 SYSTEMPATH\CodeIgniter.php(466): CodeIgniter\CodeIgniter->runController(Object(App\Controllers\ContactoController))
 6 SYSTEMPATH\CodeIgniter.php(349): CodeIgniter\CodeIgniter->handleRequest(null, Object(Config\Cache), false)
 7 FCPATH\index.php(55): CodeIgniter\CodeIgniter->run()
CRITICAL - 2022-07-09 12:11:42 --> Invalid file: inicio.php
in SYSTEMPATH\Exceptions\FrameworkException.php on line 33.
 1 SYSTEMPATH\View\View.php(201): CodeIgniter\Exceptions\FrameworkException::forInvalidFile('inicio.php')
 2 SYSTEMPATH\Common.php(1135): CodeIgniter\View\View->render('inicio', [], true)
 3 APPPATH\Controllers\ContactoController.php(9): view('inicio')
 4 SYSTEMPATH\CodeIgniter.php(896): App\Controllers\ContactoController->index()
 5 SYSTEMPATH\CodeIgniter.php(466): CodeIgniter\CodeIgniter->runController(Object(App\Controllers\ContactoController))
 6 SYSTEMPATH\CodeIgniter.php(349): CodeIgniter\CodeIgniter->handleRequest(null, Object(Config\Cache), false)
 7 FCPATH\index.php(55): CodeIgniter\CodeIgniter->run()
CRITICAL - 2022-07-09 12:17:39 --> Call to undefined function App\Controllers\vew()
in APPPATH\Controllers\ContactoController.php on line 13.
 1 SYSTEMPATH\CodeIgniter.php(896): App\Controllers\ContactoController->personas()
 2 SYSTEMPATH\CodeIgniter.php(466): CodeIgniter\CodeIgniter->runController(Object(App\Controllers\ContactoController))
 3 SYSTEMPATH\CodeIgniter.php(349): CodeIgniter\CodeIgniter->handleRequest(null, Object(Config\Cache), false)
 4 FCPATH\index.php(55): CodeIgniter\CodeIgniter->run()
CRITICAL - 2022-07-09 12:19:03 --> Call to undefined function App\Controllers\vew()
in APPPATH\Controllers\ContactoController.php on line 15.
 1 SYSTEMPATH\CodeIgniter.php(896): App\Controllers\ContactoController->persona()
 2 SYSTEMPATH\CodeIgniter.php(466): CodeIgniter\CodeIgniter->runController(Object(App\Controllers\ContactoController))
 3 SYSTEMPATH\CodeIgniter.php(349): CodeIgniter\CodeIgniter->handleRequest(null, Object(Config\Cache), false)
 4 FCPATH\index.php(55): CodeIgniter\CodeIgniter->run()
CRITICAL - 2022-07-09 12:22:11 --> Call to undefined function App\Controllers\vew()
in APPPATH\Controllers\ContactoController.php on line 15.
 1 SYSTEMPATH\CodeIgniter.php(896): App\Controllers\ContactoController->persona()
 2 SYSTEMPATH\CodeIgniter.php(466): CodeIgniter\CodeIgniter->runController(Object(App\Controllers\ContactoController))
 3 SYSTEMPATH\CodeIgniter.php(349): CodeIgniter\CodeIgniter->handleRequest(null, Object(Config\Cache), false)
 4 FCPATH\index.php(55): CodeIgniter\CodeIgniter->run()
CRITICAL - 2022-07-09 12:22:13 --> Call to undefined function App\Controllers\vew()
in APPPATH\Controllers\ContactoController.php on line 15.
 1 SYSTEMPATH\CodeIgniter.php(896): App\Controllers\ContactoController->persona()
 2 SYSTEMPATH\CodeIgniter.php(466): CodeIgniter\CodeIgniter->runController(Object(App\Controllers\ContactoController))
 3 SYSTEMPATH\CodeIgniter.php(349): CodeIgniter\CodeIgniter->handleRequest(null, Object(Config\Cache), false)
 4 FCPATH\index.php(55): CodeIgniter\CodeIgniter->run()
CRITICAL - 2022-07-09 12:23:00 --> Call to undefined function App\Controllers\vew()
in APPPATH\Controllers\ContactoController.php on line 15.
 1 SYSTEMPATH\CodeIgniter.php(896): App\Controllers\ContactoController->persona()
 2 SYSTEMPATH\CodeIgniter.php(466): CodeIgniter\CodeIgniter->runController(Object(App\Controllers\ContactoController))
 3 SYSTEMPATH\CodeIgniter.php(349): CodeIgniter\CodeIgniter->handleRequest(null, Object(Config\Cache), false)
 4 FCPATH\index.php(55): CodeIgniter\CodeIgniter->run()
CRITICAL - 2022-07-09 12:23:01 --> Call to undefined function App\Controllers\vew()
in APPPATH\Controllers\ContactoController.php on line 15.
 1 SYSTEMPATH\CodeIgniter.php(896): App\Controllers\ContactoController->persona()
 2 SYSTEMPATH\CodeIgniter.php(466): CodeIgniter\CodeIgniter->runController(Object(App\Controllers\ContactoController))
 3 SYSTEMPATH\CodeIgniter.php(349): CodeIgniter\CodeIgniter->handleRequest(null, Object(Config\Cache), false)
 4 FCPATH\index.php(55): CodeIgniter\CodeIgniter->run()
CRITICAL - 2022-07-09 12:23:02 --> Call to undefined function App\Controllers\vew()
in APPPATH\Controllers\ContactoController.php on line 15.
 1 SYSTEMPATH\CodeIgniter.php(896): App\Controllers\ContactoController->persona()
 2 SYSTEMPATH\CodeIgniter.php(466): CodeIgniter\CodeIgniter->runController(Object(App\Controllers\ContactoController))
 3 SYSTEMPATH\CodeIgniter.php(349): CodeIgniter\CodeIgniter->handleRequest(null, Object(Config\Cache), false)
 4 FCPATH\index.php(55): CodeIgniter\CodeIgniter->run()
CRITICAL - 2022-07-09 12:23:08 --> Call to undefined function App\Controllers\vew()
in APPPATH\Controllers\ContactoController.php on line 15.
 1 SYSTEMPATH\CodeIgniter.php(896): App\Controllers\ContactoController->persona()
 2 SYSTEMPATH\CodeIgniter.php(466): CodeIgniter\CodeIgniter->runController(Object(App\Controllers\ContactoController))
 3 SYSTEMPATH\CodeIgniter.php(349): CodeIgniter\CodeIgniter->handleRequest(null, Object(Config\Cache), false)
 4 FCPATH\index.php(55): CodeIgniter\CodeIgniter->run()
CRITICAL - 2022-07-09 12:23:18 --> Call to undefined function App\Controllers\vew()
in APPPATH\Controllers\ContactoController.php on line 9.
 1 SYSTEMPATH\CodeIgniter.php(896): App\Controllers\ContactoController->index()
 2 SYSTEMPATH\CodeIgniter.php(466): CodeIgniter\CodeIgniter->runController(Object(App\Controllers\ContactoController))
 3 SYSTEMPATH\CodeIgniter.php(349): CodeIgniter\CodeIgniter->handleRequest(null, Object(Config\Cache), false)
 4 FCPATH\index.php(55): CodeIgniter\CodeIgniter->run()
CRITICAL - 2022-07-09 12:23:44 --> Call to undefined function App\Controllers\vew()
in APPPATH\Controllers\ContactoController.php on line 9.
 1 SYSTEMPATH\CodeIgniter.php(896): App\Controllers\ContactoController->index()
 2 SYSTEMPATH\CodeIgniter.php(466): CodeIgniter\CodeIgniter->runController(Object(App\Controllers\ContactoController))
 3 SYSTEMPATH\CodeIgniter.php(349): CodeIgniter\CodeIgniter->handleRequest(null, Object(Config\Cache), false)
 4 FCPATH\index.php(55): CodeIgniter\CodeIgniter->run()
CRITICAL - 2022-07-09 12:23:58 --> Call to undefined function App\Controllers\vew()
in APPPATH\Controllers\ContactoController.php on line 15.
 1 SYSTEMPATH\CodeIgniter.php(896): App\Controllers\ContactoController->persona()
 2 SYSTEMPATH\CodeIgniter.php(466): CodeIgniter\CodeIgniter->runController(Object(App\Controllers\ContactoController))
 3 SYSTEMPATH\CodeIgniter.php(349): CodeIgniter\CodeIgniter->handleRequest(null, Object(Config\Cache), false)
 4 FCPATH\index.php(55): CodeIgniter\CodeIgniter->run()
CRITICAL - 2022-07-09 12:25:01 --> Call to undefined function App\Controllers\vew()
in APPPATH\Controllers\ContactoController.php on line 15.
 1 SYSTEMPATH\CodeIgniter.php(896): App\Controllers\ContactoController->persona()
 2 SYSTEMPATH\CodeIgniter.php(466): CodeIgniter\CodeIgniter->runController(Object(App\Controllers\ContactoController))
 3 SYSTEMPATH\CodeIgniter.php(349): CodeIgniter\CodeIgniter->handleRequest(null, Object(Config\Cache), false)
 4 FCPATH\index.php(55): CodeIgniter\CodeIgniter->run()
