CRITICAL - 2023-06-04 08:22:29 --> You must set the database table to be used with your query.
in SYSTEMPATH\Database\BaseConnection.php on line 874.
 1 SYSTEMPATH\Model.php(586): CodeIgniter\Database\BaseConnection->table(null)
 2 SYSTEMPATH\Model.php(763): CodeIgniter\Model->builder()
 3 APPPATH\Controllers\Home.php(778): CodeIgniter\Model->__call('upreoperacionvehiculopesado', [...])
 4 SYSTEMPATH\CodeIgniter.php(896): App\Controllers\Home->upreoperacionvehiculopesado()
 5 SYSTEMPATH\CodeIgniter.php(466): CodeIgniter\CodeIgniter->runController(Object(App\Controllers\Home))
 6 SYSTEMPATH\CodeIgniter.php(349): CodeIgniter\CodeIgniter->handleRequest(null, Object(Config\Cache), false)
 7 FCPATH\index.php(55): CodeIgniter\CodeIgniter->run()
CRITICAL - 2023-06-04 08:58:59 --> Undefined property: stdClass::$observaciones
in APPPATH\Views\preoperacionvehiculopesado\upreoperacionvehiculopesado.php on line 28.
 1 APPPATH\Views\preoperacionvehiculopesado\upreoperacionvehiculopesado.php(28): CodeIgniter\Debug\Exceptions->errorHandler(2, 'Undefined property: stdClass::$observaciones', 'APPPATH\\Views\\preoperacionvehiculopesado\\upreoperacionvehiculopesado.php', 28)
 2 SYSTEMPATH\View\View.php(213): include('APPPATH\\Views\\preoperacionvehiculopesado\\upreoperacionvehiculopesado.php')
 3 SYSTEMPATH\View\View.php(216): CodeIgniter\View\View->CodeIgniter\View\{closure}()
 4 SYSTEMPATH\Common.php(1135): CodeIgniter\View\View->render('preoperacionvehiculopesado/upreoperacionvehiculopesado', [], true)
 5 APPPATH\Controllers\Home.php(785): view('preoperacionvehiculopesado/upreoperacionvehiculopesado', [...])
 6 SYSTEMPATH\CodeIgniter.php(896): App\Controllers\Home->upreoperacionvehiculopesado()
 7 SYSTEMPATH\CodeIgniter.php(466): CodeIgniter\CodeIgniter->runController(Object(App\Controllers\Home))
 8 SYSTEMPATH\CodeIgniter.php(349): CodeIgniter\CodeIgniter->handleRequest(null, Object(Config\Cache), false)
 9 FCPATH\index.php(55): CodeIgniter\CodeIgniter->run()
