CRITICAL - 2023-06-09 20:08:55 --> Invalid file: preoperacionvehiculopesado/viewrmaquinadiaria.php
in SYSTEMPATH\Exceptions\FrameworkException.php on line 33.
 1 SYSTEMPATH\View\View.php(201): CodeIgniter\Exceptions\FrameworkException::forInvalidFile('preoperacionvehiculopesado/viewrmaquinadiaria.php')
 2 SYSTEMPATH\Common.php(1135): CodeIgniter\View\View->render('preoperacionvehiculopesado/viewrmaquinadiaria', [], true)
 3 APPPATH\Controllers\Home.php(924): view('preoperacionvehiculopesado/viewrmaquinadiaria', [...])
 4 SYSTEMPATH\CodeIgniter.php(896): App\Controllers\Home->listaactividadmaquina()
 5 SYSTEMPATH\CodeIgniter.php(466): CodeIgniter\CodeIgniter->runController(Object(App\Controllers\Home))
 6 SYSTEMPATH\CodeIgniter.php(349): CodeIgniter\CodeIgniter->handleRequest(null, Object(Config\Cache), false)
 7 FCPATH\index.php(55): CodeIgniter\CodeIgniter->run()
CRITICAL - 2023-06-09 20:12:23 --> Invalid file: preoperacionvehiculopesado/viewrmaquinadiaria.php
in SYSTEMPATH\Exceptions\FrameworkException.php on line 33.
 1 SYSTEMPATH\View\View.php(201): CodeIgniter\Exceptions\FrameworkException::forInvalidFile('preoperacionvehiculopesado/viewrmaquinadiaria.php')
 2 SYSTEMPATH\Common.php(1135): CodeIgniter\View\View->render('preoperacionvehiculopesado/viewrmaquinadiaria', [], true)
 3 APPPATH\Controllers\Home.php(924): view('preoperacionvehiculopesado/viewrmaquinadiaria', [...])
 4 SYSTEMPATH\CodeIgniter.php(896): App\Controllers\Home->listaactividadmaquina()
 5 SYSTEMPATH\CodeIgniter.php(466): CodeIgniter\CodeIgniter->runController(Object(App\Controllers\Home))
 6 SYSTEMPATH\CodeIgniter.php(349): CodeIgniter\CodeIgniter->handleRequest(null, Object(Config\Cache), false)
 7 FCPATH\index.php(55): CodeIgniter\CodeIgniter->run()
CRITICAL - 2023-06-09 20:12:41 --> Invalid file: preoperacionvehiculopesado/viewrmaquinadiaria.php
in SYSTEMPATH\Exceptions\FrameworkException.php on line 33.
 1 SYSTEMPATH\View\View.php(201): CodeIgniter\Exceptions\FrameworkException::forInvalidFile('preoperacionvehiculopesado/viewrmaquinadiaria.php')
 2 SYSTEMPATH\Common.php(1135): CodeIgniter\View\View->render('preoperacionvehiculopesado/viewrmaquinadiaria', [], true)
 3 APPPATH\Controllers\Home.php(924): view('preoperacionvehiculopesado/viewrmaquinadiaria', [...])
 4 SYSTEMPATH\CodeIgniter.php(896): App\Controllers\Home->listaactividadmaquina()
 5 SYSTEMPATH\CodeIgniter.php(466): CodeIgniter\CodeIgniter->runController(Object(App\Controllers\Home))
 6 SYSTEMPATH\CodeIgniter.php(349): CodeIgniter\CodeIgniter->handleRequest(null, Object(Config\Cache), false)
 7 FCPATH\index.php(55): CodeIgniter\CodeIgniter->run()
CRITICAL - 2023-06-09 21:20:20 --> Undefined array key "nombres"
in APPPATH\Controllers\Home.php on line 25.
 1 APPPATH\Controllers\Home.php(25): CodeIgniter\Debug\Exceptions->errorHandler(2, 'Undefined array key "nombres"', 'APPPATH\\Controllers\\Home.php', 25)
 2 SYSTEMPATH\CodeIgniter.php(896): App\Controllers\Home->addEmployes()
 3 SYSTEMPATH\CodeIgniter.php(466): CodeIgniter\CodeIgniter->runController(Object(App\Controllers\Home))
 4 SYSTEMPATH\CodeIgniter.php(349): CodeIgniter\CodeIgniter->handleRequest(null, Object(Config\Cache), false)
 5 FCPATH\index.php(55): CodeIgniter\CodeIgniter->run()
CRITICAL - 2023-06-09 23:23:53 --> Undefined variable $v
in APPPATH\Views\actidadmaquinadiaria\umaquinadiaria.php on line 15.
 1 APPPATH\Views\actidadmaquinadiaria\umaquinadiaria.php(15): CodeIgniter\Debug\Exceptions->errorHandler(2, 'Undefined variable $v', 'APPPATH\\Views\\actidadmaquinadiaria\\umaquinadiaria.php', 15)
 2 SYSTEMPATH\View\View.php(213): include('APPPATH\\Views\\actidadmaquinadiaria\\umaquinadiaria.php')
 3 SYSTEMPATH\View\View.php(216): CodeIgniter\View\View->CodeIgniter\View\{closure}()
 4 SYSTEMPATH\Common.php(1135): CodeIgniter\View\View->render('actidadmaquinadiaria/umaquinadiaria', [], true)
 5 APPPATH\Controllers\Home.php(974): view('actidadmaquinadiaria/umaquinadiaria', [...])
 6 SYSTEMPATH\CodeIgniter.php(896): App\Controllers\Home->upactividadmaquina()
 7 SYSTEMPATH\CodeIgniter.php(466): CodeIgniter\CodeIgniter->runController(Object(App\Controllers\Home))
 8 SYSTEMPATH\CodeIgniter.php(349): CodeIgniter\CodeIgniter->handleRequest(null, Object(Config\Cache), false)
 9 FCPATH\index.php(55): CodeIgniter\CodeIgniter->run()
CRITICAL - 2023-06-09 23:24:55 --> Undefined property: stdClass::$acpm
in APPPATH\Views\actidadmaquinadiaria\umaquinadiaria.php on line 54.
 1 APPPATH\Views\actidadmaquinadiaria\umaquinadiaria.php(54): CodeIgniter\Debug\Exceptions->errorHandler(2, 'Undefined property: stdClass::$acpm', 'APPPATH\\Views\\actidadmaquinadiaria\\umaquinadiaria.php', 54)
 2 SYSTEMPATH\View\View.php(213): include('APPPATH\\Views\\actidadmaquinadiaria\\umaquinadiaria.php')
 3 SYSTEMPATH\View\View.php(216): CodeIgniter\View\View->CodeIgniter\View\{closure}()
 4 SYSTEMPATH\Common.php(1135): CodeIgniter\View\View->render('actidadmaquinadiaria/umaquinadiaria', [], true)
 5 APPPATH\Controllers\Home.php(974): view('actidadmaquinadiaria/umaquinadiaria', [...])
 6 SYSTEMPATH\CodeIgniter.php(896): App\Controllers\Home->upactividadmaquina()
 7 SYSTEMPATH\CodeIgniter.php(466): CodeIgniter\CodeIgniter->runController(Object(App\Controllers\Home))
 8 SYSTEMPATH\CodeIgniter.php(349): CodeIgniter\CodeIgniter->handleRequest(null, Object(Config\Cache), false)
 9 FCPATH\index.php(55): CodeIgniter\CodeIgniter->run()
CRITICAL - 2023-06-09 23:25:11 --> Undefined property: stdClass::$acpm
in APPPATH\Views\actidadmaquinadiaria\umaquinadiaria.php on line 54.
 1 APPPATH\Views\actidadmaquinadiaria\umaquinadiaria.php(54): CodeIgniter\Debug\Exceptions->errorHandler(2, 'Undefined property: stdClass::$acpm', 'APPPATH\\Views\\actidadmaquinadiaria\\umaquinadiaria.php', 54)
 2 SYSTEMPATH\View\View.php(213): include('APPPATH\\Views\\actidadmaquinadiaria\\umaquinadiaria.php')
 3 SYSTEMPATH\View\View.php(216): CodeIgniter\View\View->CodeIgniter\View\{closure}()
 4 SYSTEMPATH\Common.php(1135): CodeIgniter\View\View->render('actidadmaquinadiaria/umaquinadiaria', [], true)
 5 APPPATH\Controllers\Home.php(974): view('actidadmaquinadiaria/umaquinadiaria', [...])
 6 SYSTEMPATH\CodeIgniter.php(896): App\Controllers\Home->upactividadmaquina()
 7 SYSTEMPATH\CodeIgniter.php(466): CodeIgniter\CodeIgniter->runController(Object(App\Controllers\Home))
 8 SYSTEMPATH\CodeIgniter.php(349): CodeIgniter\CodeIgniter->handleRequest(null, Object(Config\Cache), false)
 9 FCPATH\index.php(55): CodeIgniter\CodeIgniter->run()
