CRITICAL - 2022-09-26 12:54:39 --> Undefined variable $titulo
in APPPATH\Views\contactos\centro.php on line 2.
 1 APPPATH\Views\contactos\centro.php(2): CodeIgniter\Debug\Exceptions->errorHandler(2, 'Undefined variable $titulo', 'APPPATH\\Views\\contactos\\centro.php', 2)
 2 SYSTEMPATH\View\View.php(213): include('APPPATH\\Views\\contactos\\centro.php')
 3 SYSTEMPATH\View\View.php(216): CodeIgniter\View\View->CodeIgniter\View\{closure}()
 4 SYSTEMPATH\Common.php(1135): CodeIgniter\View\View->render('contactos/centro', [], true)
 5 APPPATH\Controllers\ContactoController.php(10): view('contactos/centro')
 6 SYSTEMPATH\CodeIgniter.php(896): App\Controllers\ContactoController->index()
 7 SYSTEMPATH\CodeIgniter.php(466): CodeIgniter\CodeIgniter->runController(Object(App\Controllers\ContactoController))
 8 SYSTEMPATH\CodeIgniter.php(349): CodeIgniter\CodeIgniter->handleRequest(null, Object(Config\Cache), false)
 9 FCPATH\index.php(55): CodeIgniter\CodeIgniter->run()
CRITICAL - 2022-09-26 14:12:11 --> Undefined variable $titulo
in APPPATH\Views\login\formlog.php on line 2.
 1 APPPATH\Views\login\formlog.php(2): CodeIgniter\Debug\Exceptions->errorHandler(2, 'Undefined variable $titulo', 'APPPATH\\Views\\login\\formlog.php', 2)
 2 SYSTEMPATH\View\View.php(213): include('APPPATH\\Views\\login\\formlog.php')
 3 SYSTEMPATH\View\View.php(216): CodeIgniter\View\View->CodeIgniter\View\{closure}()
 4 SYSTEMPATH\Common.php(1135): CodeIgniter\View\View->render('login/formlog', [], true)
 5 APPPATH\Controllers\Home.php(11): view('login/formlog')
 6 SYSTEMPATH\CodeIgniter.php(896): App\Controllers\Home->index()
 7 SYSTEMPATH\CodeIgniter.php(466): CodeIgniter\CodeIgniter->runController(Object(App\Controllers\Home))
 8 SYSTEMPATH\CodeIgniter.php(349): CodeIgniter\CodeIgniter->handleRequest(null, Object(Config\Cache), false)
 9 FCPATH\index.php(55): CodeIgniter\CodeIgniter->run()
CRITICAL - 2022-09-26 14:20:54 --> Undefined variable $titulo
in APPPATH\Views\login\formlog.php on line 2.
 1 APPPATH\Views\login\formlog.php(2): CodeIgniter\Debug\Exceptions->errorHandler(2, 'Undefined variable $titulo', 'APPPATH\\Views\\login\\formlog.php', 2)
 2 SYSTEMPATH\View\View.php(213): include('APPPATH\\Views\\login\\formlog.php')
 3 SYSTEMPATH\View\View.php(216): CodeIgniter\View\View->CodeIgniter\View\{closure}()
 4 SYSTEMPATH\Common.php(1135): CodeIgniter\View\View->render('login/formlog', [], true)
 5 APPPATH\Controllers\Home.php(11): view('login/formlog')
 6 SYSTEMPATH\CodeIgniter.php(896): App\Controllers\Home->index()
 7 SYSTEMPATH\CodeIgniter.php(466): CodeIgniter\CodeIgniter->runController(Object(App\Controllers\Home))
 8 SYSTEMPATH\CodeIgniter.php(349): CodeIgniter\CodeIgniter->handleRequest(null, Object(Config\Cache), false)
 9 FCPATH\index.php(55): CodeIgniter\CodeIgniter->run()
CRITICAL - 2022-09-26 14:21:35 --> Undefined variable $titulo
in APPPATH\Views\login\formlog.php on line 2.
 1 APPPATH\Views\login\formlog.php(2): CodeIgniter\Debug\Exceptions->errorHandler(2, 'Undefined variable $titulo', 'APPPATH\\Views\\login\\formlog.php', 2)
 2 SYSTEMPATH\View\View.php(213): include('APPPATH\\Views\\login\\formlog.php')
 3 SYSTEMPATH\View\View.php(216): CodeIgniter\View\View->CodeIgniter\View\{closure}()
 4 SYSTEMPATH\Common.php(1135): CodeIgniter\View\View->render('login/formlog', [], true)
 5 APPPATH\Controllers\Home.php(11): view('login/formlog')
 6 SYSTEMPATH\CodeIgniter.php(896): App\Controllers\Home->index()
 7 SYSTEMPATH\CodeIgniter.php(466): CodeIgniter\CodeIgniter->runController(Object(App\Controllers\Home))
 8 SYSTEMPATH\CodeIgniter.php(349): CodeIgniter\CodeIgniter->handleRequest(null, Object(Config\Cache), false)
 9 FCPATH\index.php(55): CodeIgniter\CodeIgniter->run()
