CRITICAL - 2023-06-08 20:02:25 --> Undefined variable $datos
in APPPATH\Views\panel\panel.php on line 455.
 1 APPPATH\Views\panel\panel.php(455): CodeIgniter\Debug\Exceptions->errorHandler(2, 'Undefined variable $datos', 'APPPATH\\Views\\panel\\panel.php', 455)
 2 SYSTEMPATH\View\View.php(213): include('APPPATH\\Views\\panel\\panel.php')
 3 SYSTEMPATH\View\View.php(216): CodeIgniter\View\View->CodeIgniter\View\{closure}()
 4 SYSTEMPATH\Common.php(1135): CodeIgniter\View\View->render('panel/panel.php', [], true)
 5 APPPATH\Controllers\Home.php(142): view('panel/panel.php')
 6 SYSTEMPATH\CodeIgniter.php(896): App\Controllers\Home->enviarPost()
 7 SYSTEMPATH\CodeIgniter.php(466): CodeIgniter\CodeIgniter->runController(Object(App\Controllers\Home))
 8 SYSTEMPATH\CodeIgniter.php(349): CodeIgniter\CodeIgniter->handleRequest(null, Object(Config\Cache), false)
 9 FCPATH\index.php(55): CodeIgniter\CodeIgniter->run()
CRITICAL - 2023-06-08 20:44:57 --> Call to undefined function App\Controllers\listaempleados()
in APPPATH\Controllers\Home.php on line 80.
 1 SYSTEMPATH\CodeIgniter.php(896): App\Controllers\Home->eliminarempleados()
 2 SYSTEMPATH\CodeIgniter.php(466): CodeIgniter\CodeIgniter->runController(Object(App\Controllers\Home))
 3 SYSTEMPATH\CodeIgniter.php(349): CodeIgniter\CodeIgniter->handleRequest(null, Object(Config\Cache), false)
 4 FCPATH\index.php(55): CodeIgniter\CodeIgniter->run()
CRITICAL - 2023-06-08 23:39:28 --> Undefined property: App\Controllers\Home::$load
in APPPATH\Controllers\Home.php on line 903.
 1 APPPATH\Controllers\Home.php(903): CodeIgniter\Debug\Exceptions->errorHandler(2, 'Undefined property: App\\Controllers\\Home::$load', 'APPPATH\\Controllers\\Home.php', 903)
 2 SYSTEMPATH\CodeIgniter.php(896): App\Controllers\Home->reportExcel()
 3 SYSTEMPATH\CodeIgniter.php(466): CodeIgniter\CodeIgniter->runController(Object(App\Controllers\Home))
 4 SYSTEMPATH\CodeIgniter.php(349): CodeIgniter\CodeIgniter->handleRequest(null, Object(Config\Cache), false)
 5 FCPATH\index.php(55): CodeIgniter\CodeIgniter->run()
CRITICAL - 2023-06-08 23:47:08 --> Undefined property: App\Controllers\Home::$load
in APPPATH\Controllers\Home.php on line 903.
 1 APPPATH\Controllers\Home.php(903): CodeIgniter\Debug\Exceptions->errorHandler(2, 'Undefined property: App\\Controllers\\Home::$load', 'APPPATH\\Controllers\\Home.php', 903)
 2 SYSTEMPATH\CodeIgniter.php(896): App\Controllers\Home->reportExcel()
 3 SYSTEMPATH\CodeIgniter.php(466): CodeIgniter\CodeIgniter->runController(Object(App\Controllers\Home))
 4 SYSTEMPATH\CodeIgniter.php(349): CodeIgniter\CodeIgniter->handleRequest(null, Object(Config\Cache), false)
 5 FCPATH\index.php(55): CodeIgniter\CodeIgniter->run()
